Analysis & Synthesis report for NameDisplay
Fri Feb 03 12:31:31 2023
Quartus Prime Version 18.1.0 Build 625 09/12/2018 SJ Lite Edition


---------------------
; Table of Contents ;
---------------------
  1. Legal Notice
  2. Analysis & Synthesis Summary
  3. Analysis & Synthesis Settings
  4. Parallel Compilation
  5. Analysis & Synthesis Source Files Read
  6. Analysis & Synthesis Resource Usage Summary
  7. Analysis & Synthesis Resource Utilization by Entity
  8. State Machine - |NameDisplay|state
  9. General Register Statistics
 10. Inverted Register Statistics
 11. Multiplexer Restructuring Statistics (Restructuring Performed)
 12. Post-Synthesis Netlist Statistics for Top Partition
 13. Elapsed Time Per Partition
 14. Analysis & Synthesis Messages



----------------
; Legal Notice ;
----------------
Copyright (C) 2018  Intel Corporation. All rights reserved.
Your use of Intel Corporation's design tools, logic functions 
and other software and tools, and its AMPP partner logic 
functions, and any output files from any of the foregoing 
(including device programming or simulation files), and any 
associated documentation or information are expressly subject 
to the terms and conditions of the Intel Program License 
Subscription Agreement, the Intel Quartus Prime License Agreement,
the Intel FPGA IP License Agreement, or other applicable license
agreement, including, without limitation, that your use is for
the sole purpose of programming logic devices manufactured by
Intel and sold by Intel or its authorized distributors.  Please
refer to the applicable agreement for further details.



+----------------------------------------------------------------------------------+
; Analysis & Synthesis Summary                                                     ;
+------------------------------------+---------------------------------------------+
; Analysis & Synthesis Status        ; Successful - Fri Feb 03 12:31:31 2023       ;
; Quartus Prime Version              ; 18.1.0 Build 625 09/12/2018 SJ Lite Edition ;
; Revision Name                      ; NameDisplay                                 ;
; Top-level Entity Name              ; NameDisplay                                 ;
; Family                             ; Cyclone IV E                                ;
; Total logic elements               ; 125                                         ;
;     Total combinational functions  ; 120                                         ;
;     Dedicated logic registers      ; 86                                          ;
; Total registers                    ; 86                                          ;
; Total pins                         ; 41                                          ;
; Total virtual pins                 ; 0                                           ;
; Total memory bits                  ; 0                                           ;
; Embedded Multiplier 9-bit elements ; 0                                           ;
; Total PLLs                         ; 0                                           ;
+------------------------------------+---------------------------------------------+


+------------------------------------------------------------------------------------------------------------+
; Analysis & Synthesis Settings                                                                              ;
+------------------------------------------------------------------+--------------------+--------------------+
; Option                                                           ; Setting            ; Default Value      ;
+------------------------------------------------------------------+--------------------+--------------------+
; Device                                                           ; EP4CE115F29C7      ;                    ;
; Top-level entity name                                            ; NameDisplay        ; NameDisplay        ;
; Family name                                                      ; Cyclone IV E       ; Cyclone V          ;
; Use smart compilation                                            ; Off                ; Off                ;
; Enable parallel Assembler and Timing Analyzer during compilation ; On                 ; On                 ;
; Enable compact report table                                      ; Off                ; Off                ;
; Restructure Multiplexers                                         ; Auto               ; Auto               ;
; Create Debugging Nodes for IP Cores                              ; Off                ; Off                ;
; Preserve fewer node names                                        ; On                 ; On                 ;
; Intel FPGA IP Evaluation Mode                                    ; Enable             ; Enable             ;
; Verilog Version                                                  ; Verilog_2001       ; Verilog_2001       ;
; VHDL Version                                                     ; VHDL_1993          ; VHDL_1993          ;
; State Machine Processing                                         ; Auto               ; Auto               ;
; Safe State Machine                                               ; Off                ; Off                ;
; Extract Verilog State Machines                                   ; On                 ; On                 ;
; Extract VHDL State Machines                                      ; On                 ; On                 ;
; Ignore Verilog initial constructs                                ; Off                ; Off                ;
; Iteration limit for constant Verilog loops                       ; 5000               ; 5000               ;
; Iteration limit for non-constant Verilog loops                   ; 250                ; 250                ;
; Add Pass-Through Logic to Inferred RAMs                          ; On                 ; On                 ;
; Infer RAMs from Raw Logic                                        ; On                 ; On                 ;
; Parallel Synthesis                                               ; On                 ; On                 ;
; DSP Block Balancing                                              ; Auto               ; Auto               ;
; NOT Gate Push-Back                                               ; On                 ; On                 ;
; Power-Up Don't Care                                              ; On                 ; On                 ;
; Remove Redundant Logic Cells                                     ; Off                ; Off                ;
; Remove Duplicate Registers                                       ; On                 ; On                 ;
; Ignore CARRY Buffers                                             ; Off                ; Off                ;
; Ignore CASCADE Buffers                                           ; Off                ; Off                ;
; Ignore GLOBAL Buffers                                            ; Off                ; Off                ;
; Ignore ROW GLOBAL Buffers                                        ; Off                ; Off                ;
; Ignore LCELL Buffers                                             ; Off                ; Off                ;
; Ignore SOFT Buffers                                              ; On                 ; On                 ;
; Limit AHDL Integers to 32 Bits                                   ; Off                ; Off                ;
; Optimization Technique                                           ; Balanced           ; Balanced           ;
; Carry Chain Length                                               ; 70                 ; 70                 ;
; Auto Carry Chains                                                ; On                 ; On                 ;
; Auto Open-Drain Pins                                             ; On                 ; On                 ;
; Perform WYSIWYG Primitive Resynthesis                            ; Off                ; Off                ;
; Auto ROM Replacement                                             ; On                 ; On                 ;
; Auto RAM Replacement                                             ; On                 ; On                 ;
; Auto DSP Block Replacement                                       ; On                 ; On                 ;
; Auto Shift Register Replacement                                  ; Auto               ; Auto               ;
; Allow Shift Register Merging across Hierarchies                  ; Auto               ; Auto               ;
; Auto Clock Enable Replacement                                    ; On                 ; On                 ;
; Strict RAM Replacement                                           ; Off                ; Off                ;
; Allow Synchronous Control Signals                                ; On                 ; On                 ;
; Force Use of Synchronous Clear Signals                           ; Off                ; Off                ;
; Auto RAM Block Balancing                                         ; On                 ; On                 ;
; Auto RAM to Logic Cell Conversion                                ; Off                ; Off                ;
; Auto Resource Sharing                                            ; Off                ; Off                ;
; Allow Any RAM Size For Recognition                               ; Off                ; Off                ;
; Allow Any ROM Size For Recognition                               ; Off                ; Off                ;
; Allow Any Shift Register Size For Recognition                    ; Off                ; Off                ;
; Use LogicLock Constraints during Resource Balancing              ; On                 ; On                 ;
; Ignore translate_off and synthesis_off directives                ; Off                ; Off                ;
; Timing-Driven Synthesis                                          ; On                 ; On                 ;
; Report Parameter Settings                                        ; On                 ; On                 ;
; Report Source Assignments                                        ; On                 ; On                 ;
; Report Connectivity Checks                                       ; On                 ; On                 ;
; Ignore Maximum Fan-Out Assignments                               ; Off                ; Off                ;
; Synchronization Register Chain Length                            ; 2                  ; 2                  ;
; Power Optimization During Synthesis                              ; Normal compilation ; Normal compilation ;
; HDL message level                                                ; Level2             ; Level2             ;
; Suppress Register Optimization Related Messages                  ; Off                ; Off                ;
; Number of Removed Registers Reported in Synthesis Report         ; 5000               ; 5000               ;
; Number of Swept Nodes Reported in Synthesis Report               ; 5000               ; 5000               ;
; Number of Inverted Registers Reported in Synthesis Report        ; 100                ; 100                ;
; Clock MUX Protection                                             ; On                 ; On                 ;
; Auto Gated Clock Conversion                                      ; Off                ; Off                ;
; Block Design Naming                                              ; Auto               ; Auto               ;
; SDC constraint protection                                        ; Off                ; Off                ;
; Synthesis Effort                                                 ; Auto               ; Auto               ;
; Shift Register Replacement - Allow Asynchronous Clear Signal     ; On                 ; On                 ;
; Pre-Mapping Resynthesis Optimization                             ; Off                ; Off                ;
; Analysis & Synthesis Message Level                               ; Medium             ; Medium             ;
; Disable Register Merging Across Hierarchies                      ; Auto               ; Auto               ;
; Resource Aware Inference For Block RAM                           ; On                 ; On                 ;
+------------------------------------------------------------------+--------------------+--------------------+


+------------------------------------------+
; Parallel Compilation                     ;
+----------------------------+-------------+
; Processors                 ; Number      ;
+----------------------------+-------------+
; Number detected on machine ; 16          ;
; Maximum allowed            ; 8           ;
;                            ;             ;
; Average used               ; 1.00        ;
; Maximum used               ; 8           ;
;                            ;             ;
; Usage by Processor         ; % Time Used ;
;     Processor 1            ; 100.0%      ;
;     Processors 2-8         ;   0.0%      ;
+----------------------------+-------------+


+-----------------------------------------------------------------------------------------------------------------------------------------+
; Analysis & Synthesis Source Files Read                                                                                                  ;
+----------------------------------+-----------------+-----------------+--------------------------------------------------------+---------+
; File Name with User-Entered Path ; Used in Netlist ; File Type       ; File Name with Absolute Path                           ; Library ;
+----------------------------------+-----------------+-----------------+--------------------------------------------------------+---------+
; NameDisplay.vhd                  ; yes             ; User VHDL File  ; U:/Spring 2023/ENSC 350/Labs/Lab1 Redo/NameDisplay.vhd ;         ;
+----------------------------------+-----------------+-----------------+--------------------------------------------------------+---------+


+------------------------------------------------------------------------------+
; Analysis & Synthesis Resource Usage Summary                                  ;
+---------------------------------------------+--------------------------------+
; Resource                                    ; Usage                          ;
+---------------------------------------------+--------------------------------+
; Estimated Total logic elements              ; 125                            ;
;                                             ;                                ;
; Total combinational functions               ; 120                            ;
; Logic element usage by number of LUT inputs ;                                ;
;     -- 4 input functions                    ; 30                             ;
;     -- 3 input functions                    ; 20                             ;
;     -- <=2 input functions                  ; 70                             ;
;                                             ;                                ;
; Logic elements by mode                      ;                                ;
;     -- normal mode                          ; 58                             ;
;     -- arithmetic mode                      ; 62                             ;
;                                             ;                                ;
; Total registers                             ; 86                             ;
;     -- Dedicated logic registers            ; 86                             ;
;     -- I/O registers                        ; 0                              ;
;                                             ;                                ;
; I/O pins                                    ; 41                             ;
;                                             ;                                ;
; Embedded Multiplier 9-bit elements          ; 0                              ;
;                                             ;                                ;
; Maximum fan-out node                        ; Clock_Divider:inst_clk_div|tmp ;
; Maximum fan-out                             ; 55                             ;
; Total fan-out                               ; 657                            ;
; Average fan-out                             ; 2.28                           ;
+---------------------------------------------+--------------------------------+


+-------------------------------------------------------------------------------------------------------------------------------------------------------------------------------------------------------------------------------------+
; Analysis & Synthesis Resource Utilization by Entity                                                                                                                                                                                 ;
+---------------------------------+---------------------+---------------------------+-------------+--------------+---------+-----------+------+--------------+-----------------------------------------+---------------+--------------+
; Compilation Hierarchy Node      ; Combinational ALUTs ; Dedicated Logic Registers ; Memory Bits ; DSP Elements ; DSP 9x9 ; DSP 18x18 ; Pins ; Virtual Pins ; Full Hierarchy Name                     ; Entity Name   ; Library Name ;
+---------------------------------+---------------------+---------------------------+-------------+--------------+---------+-----------+------+--------------+-----------------------------------------+---------------+--------------+
; |NameDisplay                    ; 120 (64)            ; 86 (53)                   ; 0           ; 0            ; 0       ; 0         ; 41   ; 0            ; |NameDisplay                            ; NameDisplay   ; work         ;
;    |Clock_Divider:inst_clk_div| ; 56 (56)             ; 33 (33)                   ; 0           ; 0            ; 0       ; 0         ; 0    ; 0            ; |NameDisplay|Clock_Divider:inst_clk_div ; Clock_Divider ; work         ;
+---------------------------------+---------------------+---------------------------+-------------+--------------+---------+-----------+------+--------------+-----------------------------------------+---------------+--------------+
Note: For table entries with two numbers listed, the numbers in parentheses indicate the number of resources of the given type used by the specific entity alone. The numbers listed outside of parentheses indicate the total resources of the given type used by the specific entity and all of its sub-entities in the hierarchy.


Encoding Type:  One-Hot
+-----------------------------------------------------------------------------------------------------------------------------------------------------+
; State Machine - |NameDisplay|state                                                                                                                  ;
+-------------+-----------+----------+----------+----------+----------+----------+----------+----------+----------+----------+----------+-------------+
; Name        ; state.s10 ; state.s9 ; state.s8 ; state.s7 ; state.s6 ; state.s5 ; state.s4 ; state.s3 ; state.s2 ; state.s1 ; state.s0 ; state.reset ;
+-------------+-----------+----------+----------+----------+----------+----------+----------+----------+----------+----------+----------+-------------+
; state.reset ; 0         ; 0        ; 0        ; 0        ; 0        ; 0        ; 0        ; 0        ; 0        ; 0        ; 0        ; 0           ;
; state.s0    ; 0         ; 0        ; 0        ; 0        ; 0        ; 0        ; 0        ; 0        ; 0        ; 0        ; 1        ; 1           ;
; state.s1    ; 0         ; 0        ; 0        ; 0        ; 0        ; 0        ; 0        ; 0        ; 0        ; 1        ; 0        ; 1           ;
; state.s2    ; 0         ; 0        ; 0        ; 0        ; 0        ; 0        ; 0        ; 0        ; 1        ; 0        ; 0        ; 1           ;
; state.s3    ; 0         ; 0        ; 0        ; 0        ; 0        ; 0        ; 0        ; 1        ; 0        ; 0        ; 0        ; 1           ;
; state.s4    ; 0         ; 0        ; 0        ; 0        ; 0        ; 0        ; 1        ; 0        ; 0        ; 0        ; 0        ; 1           ;
; state.s5    ; 0         ; 0        ; 0        ; 0        ; 0        ; 1        ; 0        ; 0        ; 0        ; 0        ; 0        ; 1           ;
; state.s6    ; 0         ; 0        ; 0        ; 0        ; 1        ; 0        ; 0        ; 0        ; 0        ; 0        ; 0        ; 1           ;
; state.s7    ; 0         ; 0        ; 0        ; 1        ; 0        ; 0        ; 0        ; 0        ; 0        ; 0        ; 0        ; 1           ;
; state.s8    ; 0         ; 0        ; 1        ; 0        ; 0        ; 0        ; 0        ; 0        ; 0        ; 0        ; 0        ; 1           ;
; state.s9    ; 0         ; 1        ; 0        ; 0        ; 0        ; 0        ; 0        ; 0        ; 0        ; 0        ; 0        ; 1           ;
; state.s10   ; 1         ; 0        ; 0        ; 0        ; 0        ; 0        ; 0        ; 0        ; 0        ; 0        ; 0        ; 1           ;
+-------------+-----------+----------+----------+----------+----------+----------+----------+----------+----------+----------+----------+-------------+


+------------------------------------------------------+
; General Register Statistics                          ;
+----------------------------------------------+-------+
; Statistic                                    ; Value ;
+----------------------------------------------+-------+
; Total registers                              ; 86    ;
; Number of registers using Synchronous Clear  ; 32    ;
; Number of registers using Synchronous Load   ; 0     ;
; Number of registers using Asynchronous Clear ; 45    ;
; Number of registers using Asynchronous Load  ; 0     ;
; Number of registers using Clock Enable       ; 41    ;
; Number of registers using Preset             ; 0     ;
+----------------------------------------------+-------+


+--------------------------------------------------+
; Inverted Register Statistics                     ;
+----------------------------------------+---------+
; Inverted Register                      ; Fan out ;
+----------------------------------------+---------+
; Clock_Divider:inst_clk_div|count[0]    ; 3       ;
; Total number of inverted registers = 1 ;         ;
+----------------------------------------+---------+


+------------------------------------------------------------------------------------------------------------------------------------------+
; Multiplexer Restructuring Statistics (Restructuring Performed)                                                                           ;
+--------------------+-----------+---------------+----------------------+------------------------+------------+----------------------------+
; Multiplexer Inputs ; Bus Width ; Baseline Area ; Area if Restructured ; Saving if Restructured ; Registered ; Example Multiplexer Output ;
+--------------------+-----------+---------------+----------------------+------------------------+------------+----------------------------+
; 8:1                ; 32 bits   ; 160 LEs       ; 32 LEs               ; 128 LEs                ; Yes        ; |NameDisplay|counter[24]   ;
+--------------------+-----------+---------------+----------------------+------------------------+------------+----------------------------+


+-----------------------------------------------------+
; Post-Synthesis Netlist Statistics for Top Partition ;
+-----------------------+-----------------------------+
; Type                  ; Count                       ;
+-----------------------+-----------------------------+
; boundary_port         ; 41                          ;
; cycloneiii_ff         ; 86                          ;
;     CLR               ; 45                          ;
;     ENA               ; 9                           ;
;     ENA SCLR          ; 32                          ;
; cycloneiii_lcell_comb ; 122                         ;
;     arith             ; 62                          ;
;         2 data inputs ; 62                          ;
;     normal            ; 60                          ;
;         0 data inputs ; 2                           ;
;         1 data inputs ; 4                           ;
;         2 data inputs ; 4                           ;
;         3 data inputs ; 20                          ;
;         4 data inputs ; 30                          ;
;                       ;                             ;
; Max LUT depth         ; 4.40                        ;
; Average LUT depth     ; 3.14                        ;
+-----------------------+-----------------------------+


+-------------------------------+
; Elapsed Time Per Partition    ;
+----------------+--------------+
; Partition Name ; Elapsed Time ;
+----------------+--------------+
; Top            ; 00:00:00     ;
+----------------+--------------+


+-------------------------------+
; Analysis & Synthesis Messages ;
+-------------------------------+
Info: *******************************************************************
Info: Running Quartus Prime Analysis & Synthesis
    Info: Version 18.1.0 Build 625 09/12/2018 SJ Lite Edition
    Info: Processing started: Fri Feb 03 12:31:22 2023
Info: Command: quartus_map --read_settings_files=on --write_settings_files=off NameDisplay -c NameDisplay
Warning (18236): Number of processors has not been specified which may cause overloading on shared machines.  Set the global assignment NUM_PARALLEL_PROCESSORS in your QSF to an appropriate value for best performance.
Info (20030): Parallel compilation is enabled and will use 8 of the 8 processors detected
Info (12021): Found 4 design units, including 2 entities, in source file namedisplay.vhd
    Info (12022): Found design unit 1: Clock_Divider-bhv File: U:/Spring 2023/ENSC 350/Labs/Lab1 Redo/NameDisplay.vhd Line: 11
    Info (12022): Found design unit 2: NameDisplay-statemachine File: U:/Spring 2023/ENSC 350/Labs/Lab1 Redo/NameDisplay.vhd Line: 57
    Info (12023): Found entity 1: Clock_Divider File: U:/Spring 2023/ENSC 350/Labs/Lab1 Redo/NameDisplay.vhd Line: 6
    Info (12023): Found entity 2: NameDisplay File: U:/Spring 2023/ENSC 350/Labs/Lab1 Redo/NameDisplay.vhd Line: 40
Info (12021): Found 2 design units, including 1 entities, in source file debouncer.vhd
    Info (12022): Found design unit 1: debouncer-debouncing File: U:/Spring 2023/ENSC 350/Labs/Lab1 Redo/debouncer.vhd Line: 14
    Info (12023): Found entity 1: debouncer File: U:/Spring 2023/ENSC 350/Labs/Lab1 Redo/debouncer.vhd Line: 5
Info (12127): Elaborating entity "NameDisplay" for the top level hierarchy
Warning (10873): Using initial value X (don't care) for net "LEDG" at NameDisplay.vhd(48) File: U:/Spring 2023/ENSC 350/Labs/Lab1 Redo/NameDisplay.vhd Line: 48
Info (12129): Elaborating entity "Clock_Divider" using architecture "A:bhv" for hierarchy "Clock_Divider:inst_clk_div" File: U:/Spring 2023/ENSC 350/Labs/Lab1 Redo/NameDisplay.vhd Line: 66
Warning (10492): VHDL Process Statement warning at NameDisplay.vhd(30): signal "tmp" is read inside the Process Statement but isn't in the Process Statement's sensitivity list File: U:/Spring 2023/ENSC 350/Labs/Lab1 Redo/NameDisplay.vhd Line: 30
Warning (13024): Output pins are stuck at VCC or GND
    Warning (13410): Pin "LEDG[0]" is stuck at GND File: U:/Spring 2023/ENSC 350/Labs/Lab1 Redo/NameDisplay.vhd Line: 48
    Warning (13410): Pin "LEDG[1]" is stuck at GND File: U:/Spring 2023/ENSC 350/Labs/Lab1 Redo/NameDisplay.vhd Line: 48
    Warning (13410): Pin "LEDG[2]" is stuck at GND File: U:/Spring 2023/ENSC 350/Labs/Lab1 Redo/NameDisplay.vhd Line: 48
    Warning (13410): Pin "LEDG[3]" is stuck at GND File: U:/Spring 2023/ENSC 350/Labs/Lab1 Redo/NameDisplay.vhd Line: 48
    Warning (13410): Pin "LEDG[4]" is stuck at GND File: U:/Spring 2023/ENSC 350/Labs/Lab1 Redo/NameDisplay.vhd Line: 48
    Warning (13410): Pin "LCD_RW" is stuck at GND File: U:/Spring 2023/ENSC 350/Labs/Lab1 Redo/NameDisplay.vhd Line: 49
    Warning (13410): Pin "LCD_ON" is stuck at VCC File: U:/Spring 2023/ENSC 350/Labs/Lab1 Redo/NameDisplay.vhd Line: 49
    Warning (13410): Pin "LCD_BLON" is stuck at VCC File: U:/Spring 2023/ENSC 350/Labs/Lab1 Redo/NameDisplay.vhd Line: 49
Info (286030): Timing-Driven Synthesis is running
Info (16010): Generating hard_block partition "hard_block:auto_generated_inst"
    Info (16011): Adding 0 node(s), including 0 DDIO, 0 PLL, 0 transceiver and 0 LCELL
Warning (21074): Design contains 20 input pin(s) that do not drive logic
    Warning (15610): No output dependent on input pin "KEY[0]" File: U:/Spring 2023/ENSC 350/Labs/Lab1 Redo/NameDisplay.vhd Line: 44
    Warning (15610): No output dependent on input pin "KEY[1]" File: U:/Spring 2023/ENSC 350/Labs/Lab1 Redo/NameDisplay.vhd Line: 44
    Warning (15610): No output dependent on input pin "KEY[3]" File: U:/Spring 2023/ENSC 350/Labs/Lab1 Redo/NameDisplay.vhd Line: 44
    Warning (15610): No output dependent on input pin "SW[0]" File: U:/Spring 2023/ENSC 350/Labs/Lab1 Redo/NameDisplay.vhd Line: 45
    Warning (15610): No output dependent on input pin "SW[1]" File: U:/Spring 2023/ENSC 350/Labs/Lab1 Redo/NameDisplay.vhd Line: 45
    Warning (15610): No output dependent on input pin "SW[3]" File: U:/Spring 2023/ENSC 350/Labs/Lab1 Redo/NameDisplay.vhd Line: 45
    Warning (15610): No output dependent on input pin "SW[4]" File: U:/Spring 2023/ENSC 350/Labs/Lab1 Redo/NameDisplay.vhd Line: 45
    Warning (15610): No output dependent on input pin "SW[5]" File: U:/Spring 2023/ENSC 350/Labs/Lab1 Redo/NameDisplay.vhd Line: 45
    Warning (15610): No output dependent on input pin "SW[6]" File: U:/Spring 2023/ENSC 350/Labs/Lab1 Redo/NameDisplay.vhd Line: 45
    Warning (15610): No output dependent on input pin "SW[7]" File: U:/Spring 2023/ENSC 350/Labs/Lab1 Redo/NameDisplay.vhd Line: 45
    Warning (15610): No output dependent on input pin "SW[8]" File: U:/Spring 2023/ENSC 350/Labs/Lab1 Redo/NameDisplay.vhd Line: 45
    Warning (15610): No output dependent on input pin "SW[9]" File: U:/Spring 2023/ENSC 350/Labs/Lab1 Redo/NameDisplay.vhd Line: 45
    Warning (15610): No output dependent on input pin "SW[10]" File: U:/Spring 2023/ENSC 350/Labs/Lab1 Redo/NameDisplay.vhd Line: 45
    Warning (15610): No output dependent on input pin "SW[11]" File: U:/Spring 2023/ENSC 350/Labs/Lab1 Redo/NameDisplay.vhd Line: 45
    Warning (15610): No output dependent on input pin "SW[12]" File: U:/Spring 2023/ENSC 350/Labs/Lab1 Redo/NameDisplay.vhd Line: 45
    Warning (15610): No output dependent on input pin "SW[13]" File: U:/Spring 2023/ENSC 350/Labs/Lab1 Redo/NameDisplay.vhd Line: 45
    Warning (15610): No output dependent on input pin "SW[14]" File: U:/Spring 2023/ENSC 350/Labs/Lab1 Redo/NameDisplay.vhd Line: 45
    Warning (15610): No output dependent on input pin "SW[15]" File: U:/Spring 2023/ENSC 350/Labs/Lab1 Redo/NameDisplay.vhd Line: 45
    Warning (15610): No output dependent on input pin "SW[16]" File: U:/Spring 2023/ENSC 350/Labs/Lab1 Redo/NameDisplay.vhd Line: 45
    Warning (15610): No output dependent on input pin "SW[17]" File: U:/Spring 2023/ENSC 350/Labs/Lab1 Redo/NameDisplay.vhd Line: 45
Info (21057): Implemented 166 device resources after synthesis - the final resource count might be different
    Info (21058): Implemented 23 input pins
    Info (21059): Implemented 18 output pins
    Info (21061): Implemented 125 logic cells
Info: Quartus Prime Analysis & Synthesis was successful. 0 errors, 33 warnings
    Info: Peak virtual memory: 4833 megabytes
    Info: Processing ended: Fri Feb 03 12:31:31 2023
    Info: Elapsed time: 00:00:09
    Info: Total CPU time (on all processors): 00:00:17


